<?xml version="1.0" encoding="UTF-8"?>
<!-- Generated by org.testng.reporters.JUnitXMLReporter -->
<testsuite ignored="0" hostname="ChaituPC" failures="0" tests="3" name="Default test" time="0.047" errors="0" timestamp="2023-06-20T16:14:51 IST">
  <testcase classname="com.TestNGBased.Scripts.DataProviderDemo" name="testMethod" time="0.007"/>
  <testcase classname="com.TestNGBased.Scripts.DataProviderDemo" name="testMethod" time="0.002"/>
  <testcase classname="com.TestNGBased.Scripts.DataProviderDemo" name="testMethod" time="0.001"/>
</testsuite> <!-- Default test -->
