<?xml version="1.0" encoding="UTF-8"?>
<!-- Generated by org.testng.reporters.JUnitXMLReporter -->
<testsuite ignored="0" hostname="ChaituPC" failures="0" tests="9" name="com.TestNGBased.Scripts" time="40.121" errors="0" timestamp="2023-06-20T16:10:01 IST">
  <testcase classname="com.TestNGBased.Scripts.FetchDataFromGuru99" name="LoginToApp" time="1.106"/>
  <testcase classname="com.TestNGBased.Scripts.FetchDataFromGuru99" name="LoginToMMT" time="1.95"/>
  <testcase classname="com.TestNGBased.Scripts.GroupsInTestNg" name="LoginToGoibibo" time="2.999"/>
  <testcase classname="com.TestNGBased.Scripts.GroupsInTestNg" name="LoginToYaatra" time="1.601"/>
  <testcase classname="com.TestNGBased.Scripts.GroupsInTestNg" name="LoginToApp" time="1.45"/>
  <testcase classname="com.TestNGBased.Scripts.GroupsInTestNg" name="LoginToMMT" time="2.293"/>
  <testcase classname="com.TestNGBased.Scripts.DataProviderDemo" name="testMethod" time="0.001"/>
  <testcase classname="com.TestNGBased.Scripts.DataProviderDemo" name="testMethod" time="0.001"/>
  <testcase classname="com.TestNGBased.Scripts.DataProviderDemo" name="testMethod" time="0.0"/>
</testsuite> <!-- com.TestNGBased.Scripts -->
